

============================== 2023-02-23 23:01:48.962219 | 31200750-61af-4915-9636-72e13dc44ad6 ==============================
23:01:48.962226 [info ] [MainThread]: Running with dbt=1.1.3
23:01:48.962478 [debug] [MainThread]: running dbt with arguments {'write_json': True, 'use_colors': True, 'printer_width': 80, 'version_check': True, 'partial_parse': True, 'static_parser': True, 'profiles_dir': '/home/adrian/.dbt', 'send_anonymous_usage_stats': True, 'event_buffer_size': 100000, 'quiet': False, 'no_print': False, 'cache_selected_only': False, 'project_name': 'stadvdb-mco1', 'skip_profile_setup': False, 'which': 'init', 'indirect_selection': 'eager'}
23:01:48.962581 [debug] [MainThread]: Tracking: tracking
23:01:48.965692 [debug] [MainThread]: Sending event: {'category': 'dbt', 'action': 'invocation', 'label': 'start', 'context': [<snowplow_tracker.self_describing_json.SelfDescribingJson object at 0x7f66fb25f130>, <snowplow_tracker.self_describing_json.SelfDescribingJson object at 0x7f66fb25f460>, <snowplow_tracker.self_describing_json.SelfDescribingJson object at 0x7f66fb25f280>]}
23:01:48.966119 [info ] [MainThread]: Creating dbt configuration folder at /home/adrian/.dbt
23:01:59.828518 [debug] [MainThread]: Starter project path: /home/adrian/anaconda3/lib/python3.9/site-packages/dbt/include/starter_project
23:02:05.037276 [info ] [MainThread]: Profile stadvdb_imdb written to /home/adrian/.dbt/profiles.yml using target's sample configuration. Once updated, you'll be able to start developing with dbt.
23:02:05.037595 [info ] [MainThread]: 
Your new dbt project "stadvdb_imdb" was created!

For more information on how to configure the profiles.yml file,
please consult the dbt documentation here:

  https://docs.getdbt.com/docs/configure-your-profile

One more thing:

Need help? Don't hesitate to reach out to us via GitHub issues or on Slack:

  https://community.getdbt.com/

Happy modeling!

23:02:05.037903 [debug] [MainThread]: Sending event: {'category': 'dbt', 'action': 'invocation', 'label': 'end', 'context': [<snowplow_tracker.self_describing_json.SelfDescribingJson object at 0x7f66fcebd7c0>, <snowplow_tracker.self_describing_json.SelfDescribingJson object at 0x7f66fcebd0a0>, <snowplow_tracker.self_describing_json.SelfDescribingJson object at 0x7f66fcebd850>]}


============================== 2023-02-23 23:06:29.074562 | 4d431039-c2ea-4f2d-b633-110f640fdf01 ==============================
23:06:29.074569 [info ] [MainThread]: Running with dbt=1.1.3
23:06:29.074828 [debug] [MainThread]: running dbt with arguments {'write_json': True, 'use_colors': True, 'printer_width': 80, 'version_check': True, 'partial_parse': True, 'static_parser': True, 'profiles_dir': '/home/adrian/.dbt', 'send_anonymous_usage_stats': True, 'event_buffer_size': 100000, 'quiet': False, 'no_print': False, 'cache_selected_only': False, 'config_dir': False, 'which': 'debug', 'indirect_selection': 'eager'}
23:06:29.074926 [debug] [MainThread]: Tracking: tracking
23:06:29.078449 [debug] [MainThread]: Sending event: {'category': 'dbt', 'action': 'invocation', 'label': 'start', 'context': [<snowplow_tracker.self_describing_json.SelfDescribingJson object at 0x7f4b4d2142e0>, <snowplow_tracker.self_describing_json.SelfDescribingJson object at 0x7f4b4d214640>, <snowplow_tracker.self_describing_json.SelfDescribingJson object at 0x7f4b4d214430>]}
23:06:29.122767 [debug] [MainThread]: Executing "git --help"
23:06:29.127393 [debug] [MainThread]: STDOUT: "b"usage: git [--version] [--help] [-C <path>] [-c <name>=<value>]\n           [--exec-path[=<path>]] [--html-path] [--man-path] [--info-path]\n           [-p | --paginate | -P | --no-pager] [--no-replace-objects] [--bare]\n           [--git-dir=<path>] [--work-tree=<path>] [--namespace=<name>]\n           [--super-prefix=<path>] [--config-env=<name>=<envvar>]\n           <command> [<args>]\n\nThese are common Git commands used in various situations:\n\nstart a working area (see also: git help tutorial)\n   clone     Clone a repository into a new directory\n   init      Create an empty Git repository or reinitialize an existing one\n\nwork on the current change (see also: git help everyday)\n   add       Add file contents to the index\n   mv        Move or rename a file, a directory, or a symlink\n   restore   Restore working tree files\n   rm        Remove files from the working tree and from the index\n\nexamine the history and state (see also: git help revisions)\n   bisect    Use binary search to find the commit that introduced a bug\n   diff      Show changes between commits, commit and working tree, etc\n   grep      Print lines matching a pattern\n   log       Show commit logs\n   show      Show various types of objects\n   status    Show the working tree status\n\ngrow, mark and tweak your common history\n   branch    List, create, or delete branches\n   commit    Record changes to the repository\n   merge     Join two or more development histories together\n   rebase    Reapply commits on top of another base tip\n   reset     Reset current HEAD to the specified state\n   switch    Switch branches\n   tag       Create, list, delete or verify a tag object signed with GPG\n\ncollaborate (see also: git help workflows)\n   fetch     Download objects and refs from another repository\n   pull      Fetch from and integrate with another repository or a local branch\n   push      Update remote refs along with associated objects\n\n'git help -a' and 'git help -g' list available subcommands and some\nconcept guides. See 'git help <command>' or 'git help <concept>'\nto read about a specific subcommand or concept.\nSee 'git help git' for an overview of the system.\n""
23:06:29.127799 [debug] [MainThread]: STDERR: "b''"
23:06:29.130640 [debug] [MainThread]: Acquiring new mysql connection "debug"
23:06:29.131111 [debug] [MainThread]: Using mysql connection "debug"
23:06:29.131251 [debug] [MainThread]: On debug: select 1 as id
23:06:29.131381 [debug] [MainThread]: Opening a new connection, currently in state init
23:06:30.065250 [debug] [MainThread]: SQL status: SUCCESS 1 in 0.93 seconds
23:06:30.068437 [debug] [MainThread]: On debug: Close
23:06:30.070853 [debug] [MainThread]: Sending event: {'category': 'dbt', 'action': 'invocation', 'label': 'end', 'context': [<snowplow_tracker.self_describing_json.SelfDescribingJson object at 0x7f4b4ee8bcd0>, <snowplow_tracker.self_describing_json.SelfDescribingJson object at 0x7f4b4ee8bfa0>, <snowplow_tracker.self_describing_json.SelfDescribingJson object at 0x7f4b4ee8b5b0>]}
23:06:31.515371 [debug] [MainThread]: Connection 'debug' was properly closed.
